<?xml version="1.0" encoding="UTF-8"?>
<!-- Generated by org.testng.reporters.JUnitReportReporter -->
<testsuite hostname="DESKTOP-4PN1C26" failures="0" tests="6" name="api.testcases.UserTestsDDT" time="7.605" errors="0" timestamp="2024-10-25T08:38:05 CST" skipped="0">
  <testcase classname="api.testcases.UserTestsDDT" name="testCreateUser" time="1.503"/>
  <testcase classname="api.testcases.UserTestsDDT" name="testCreateUser" time="1.604"/>
  <testcase classname="api.testcases.UserTestsDDT" name="testCreateUser" time="1.528"/>
  <testcase classname="api.testcases.UserTestsDDT" name="testDeleteUser" time="1.433"/>
  <testcase classname="api.testcases.UserTestsDDT" name="testDeleteUser" time="1.536"/>
  <testcase classname="api.testcases.UserTestsDDT" name="testDeleteUser" time="0.001"/>
</testsuite> <!-- api.testcases.UserTestsDDT -->
