<?xml version="1.0" encoding="UTF-8"?>
<!-- Generated by org.testng.reporters.JUnitReportReporter -->
<testsuite hostname="DESKTOP-4PN1C26" failures="0" tests="4" name="api.testcases.UserTests" time="8.457" errors="0" timestamp="2024-10-25T08:58:10 CST" skipped="0">
  <testcase classname="api.testcases.UserTests" name="testCreateUser" time="3.580"/>
  <testcase classname="api.testcases.UserTests" name="testGetUser" time="1.682"/>
  <testcase classname="api.testcases.UserTests" name="testUpdateUser" time="1.600"/>
  <testcase classname="api.testcases.UserTests" name="testDeleteUser" time="1.595"/>
</testsuite> <!-- api.testcases.UserTests -->
