<?xml version="1.0" encoding="UTF-8"?>
<!-- Generated by org.testng.reporters.JUnitReportReporter -->
<testsuite hostname="DESKTOP-4PN1C26" failures="0" tests="4" name="api.testcases.UserTests" time="8.354" errors="0" timestamp="2024-10-25T09:22:26 CST" skipped="0">
  <testcase classname="api.testcases.UserTests" name="testCreateUser" time="3.975"/>
  <testcase classname="api.testcases.UserTests" name="testGetUser" time="1.343"/>
  <testcase classname="api.testcases.UserTests" name="testUpdateUser" time="1.604"/>
  <testcase classname="api.testcases.UserTests" name="testDeleteUser" time="1.432"/>
</testsuite> <!-- api.testcases.UserTests -->
